Vivado Simulator 2019.1
Copyright 1986-1999, 2001-2019 Xilinx, Inc. All Rights Reserved.
Running: /home/it/Xilinx/Vivado/Vivado/2019.1/bin/unwrapped/lnx64.o/xelab -wto 957055026ca041e797a8c31c0dc920f6 --incr --debug typical --relax --mt 8 --maxdelay -L xil_defaultlib -L simprims_ver -L secureip --snapshot tb_FPGA_time_impl -transport_int_delays -pulse_r 0 -pulse_int_r 0 -pulse_e 0 -pulse_int_e 0 xil_defaultlib.tb_FPGA xil_defaultlib.glbl -log elaborate.log 
Using 8 slave threads.
Starting static elaboration
WARNING: [VRFC 10-3091] actual bit length 1 differs from formal bit length 4 for port 'VGA_R' [/home/it/Desktop/Courses/NSH_Courses/Digital_System_Design/Project/VGA Controller and Drawing Circles/project_1/project_1.srcs/sim_1/new/tb_FPGA.sv:34]
WARNING: [VRFC 10-3091] actual bit length 1 differs from formal bit length 4 for port 'VGA_G' [/home/it/Desktop/Courses/NSH_Courses/Digital_System_Design/Project/VGA Controller and Drawing Circles/project_1/project_1.srcs/sim_1/new/tb_FPGA.sv:35]
WARNING: [VRFC 10-3091] actual bit length 1 differs from formal bit length 4 for port 'VGA_B' [/home/it/Desktop/Courses/NSH_Courses/Digital_System_Design/Project/VGA Controller and Drawing Circles/project_1/project_1.srcs/sim_1/new/tb_FPGA.sv:36]
Completed static elaboration
Starting simulation data flow analysis
Completed simulation data flow analysis
INFO: [XSIM 43-3451] SDF backannotation process started with SDF file "tb_FPGA_time_impl.sdf", for root module "tb_FPGA/DUT".
INFO: [XSIM 43-3452] SDF backannotation was successful for SDF file "tb_FPGA_time_impl.sdf", for root module "tb_FPGA/DUT".
Time Resolution for simulation is 1ps
Compiling module simprims_ver.IBUF
Compiling module simprims_ver.BUFG
Compiling module simprims_ver.OBUF
Compiling module simprims_ver.LUT6
Compiling module simprims_ver.x_lut1_mux2
Compiling module simprims_ver.LUT1
Compiling module simprims_ver.LUT4
Compiling module simprims_ver.FDCE_default
Compiling module simprims_ver.x_lut2_mux4
Compiling module simprims_ver.LUT2
Compiling module simprims_ver.latchsre_ldce
Compiling module simprims_ver.LDCE
Compiling module xil_defaultlib.controller2
Compiling module simprims_ver.x_lut3_mux8
Compiling module simprims_ver.LUT3
Compiling module simprims_ver.LUT5
Compiling module xil_defaultlib.counter1
Compiling module xil_defaultlib.counter1_0
Compiling module xil_defaultlib.top_module2
Compiling module simprims_ver.CARRY4
Compiling module xil_defaultlib.vga_controller
Compiling module simprims_ver.MUXF7
Compiling module simprims_ver.MUXF8
Compiling module simprims_ver.RAMD64E(RAM_ADDRESS_MASK=2'b11,R...
Compiling module xil_defaultlib.RAM64M_UNIQ_BASE_
Compiling module xil_defaultlib.RAM64M_HD599
Compiling module xil_defaultlib.RAM64M_HD600
Compiling module xil_defaultlib.RAM64M_HD601
Compiling module xil_defaultlib.RAM64M_HD602
Compiling module xil_defaultlib.RAM64M_HD603
Compiling module xil_defaultlib.RAM64M_HD604
Compiling module xil_defaultlib.RAM64M_HD605
Compiling module xil_defaultlib.RAM64M_HD606
Compiling module xil_defaultlib.RAM64M_HD607
Compiling module xil_defaultlib.RAM64M_HD608
Compiling module xil_defaultlib.RAM64M_HD609
Compiling module xil_defaultlib.RAM64M_HD610
Compiling module xil_defaultlib.RAM64M_HD611
Compiling module xil_defaultlib.RAM64M_HD612
Compiling module xil_defaultlib.RAM64M_HD613
Compiling module xil_defaultlib.RAM64M_HD614
Compiling module xil_defaultlib.RAM64M_HD615
Compiling module xil_defaultlib.RAM64M_HD616
Compiling module xil_defaultlib.RAM64M_HD617
Compiling module xil_defaultlib.RAM64M_HD618
Compiling module xil_defaultlib.RAM64M_HD619
Compiling module xil_defaultlib.RAM64M_HD620
Compiling module xil_defaultlib.RAM64M_HD621
Compiling module xil_defaultlib.RAM64M_HD622
Compiling module xil_defaultlib.RAM64M_HD623
Compiling module xil_defaultlib.RAM64M_HD624
Compiling module xil_defaultlib.RAM64M_HD625
Compiling module xil_defaultlib.RAM64M_HD626
Compiling module xil_defaultlib.RAM64M_HD627
Compiling module xil_defaultlib.RAM64M_HD628
Compiling module xil_defaultlib.RAM64M_HD629
Compiling module xil_defaultlib.RAM64M_HD630
Compiling module xil_defaultlib.RAM64M_HD631
Compiling module xil_defaultlib.RAM64M_HD632
Compiling module xil_defaultlib.RAM64M_HD633
Compiling module xil_defaultlib.RAM64M_HD634
Compiling module xil_defaultlib.RAM64M_HD635
Compiling module xil_defaultlib.RAM64M_HD636
Compiling module xil_defaultlib.RAM64M_HD637
Compiling module xil_defaultlib.RAM64M_HD638
Compiling module xil_defaultlib.RAM64M_HD639
Compiling module xil_defaultlib.RAM64M_HD640
Compiling module xil_defaultlib.RAM64M_HD641
Compiling module xil_defaultlib.RAM64M_HD642
Compiling module xil_defaultlib.RAM64M_HD643
Compiling module xil_defaultlib.RAM64M_HD644
Compiling module xil_defaultlib.RAM64M_HD645
Compiling module xil_defaultlib.RAM64M_HD646
Compiling module xil_defaultlib.RAM64M_HD647
Compiling module xil_defaultlib.RAM64M_HD648
Compiling module xil_defaultlib.RAM64M_HD649
Compiling module xil_defaultlib.RAM64M_HD650
Compiling module xil_defaultlib.RAM64M_HD651
Compiling module xil_defaultlib.RAM64M_HD652
Compiling module xil_defaultlib.RAM64M_HD653
Compiling module xil_defaultlib.RAM64M_HD654
Compiling module xil_defaultlib.RAM64M_HD655
Compiling module xil_defaultlib.RAM64M_HD656
Compiling module xil_defaultlib.RAM64M_HD657
Compiling module xil_defaultlib.RAM64M_HD658
Compiling module xil_defaultlib.RAM64M_HD659
Compiling module xil_defaultlib.RAM64M_HD660
Compiling module xil_defaultlib.RAM64M_HD661
Compiling module xil_defaultlib.RAM64M_HD662
Compiling module xil_defaultlib.RAM64M_HD663
Compiling module xil_defaultlib.RAM64M_HD664
Compiling module xil_defaultlib.RAM64M_HD665
Compiling module xil_defaultlib.RAM64M_HD666
Compiling module xil_defaultlib.RAM64M_HD667
Compiling module xil_defaultlib.RAM64M_HD668
Compiling module xil_defaultlib.RAM64M_HD669
Compiling module xil_defaultlib.RAM64M_HD670
Compiling module xil_defaultlib.RAM64M_HD671
Compiling module xil_defaultlib.RAM64M_HD672
Compiling module xil_defaultlib.RAM64M_HD673
Compiling module xil_defaultlib.RAM64M_HD674
Compiling module xil_defaultlib.RAM64M_HD675
Compiling module xil_defaultlib.RAM64M_HD676
Compiling module xil_defaultlib.RAM64M_HD677
Compiling module xil_defaultlib.RAM64M_HD678
Compiling module xil_defaultlib.RAM64M_HD679
Compiling module xil_defaultlib.RAM64M_HD680
Compiling module xil_defaultlib.RAM64M_HD681
Compiling module xil_defaultlib.RAM64M_HD682
Compiling module xil_defaultlib.RAM64M_HD683
Compiling module xil_defaultlib.RAM64M_HD684
Compiling module xil_defaultlib.RAM64M_HD685
Compiling module xil_defaultlib.RAM64M_HD686
Compiling module xil_defaultlib.RAM64M_HD687
Compiling module xil_defaultlib.RAM64M_HD688
Compiling module xil_defaultlib.RAM64M_HD689
Compiling module xil_defaultlib.RAM64M_HD690
Compiling module xil_defaultlib.RAM64M_HD691
Compiling module xil_defaultlib.RAM64M_HD692
Compiling module xil_defaultlib.RAM64M_HD693
Compiling module xil_defaultlib.RAM64M_HD694
Compiling module xil_defaultlib.RAM64M_HD695
Compiling module xil_defaultlib.RAM64M_HD696
Compiling module xil_defaultlib.RAM64M_HD697
Compiling module xil_defaultlib.RAM64M_HD698
Compiling module xil_defaultlib.RAM64M_HD699
Compiling module xil_defaultlib.RAM64M_HD700
Compiling module xil_defaultlib.RAM64M_HD701
Compiling module xil_defaultlib.RAM64M_HD702
Compiling module xil_defaultlib.RAM64M_HD703
Compiling module xil_defaultlib.RAM64M_HD704
Compiling module xil_defaultlib.RAM64M_HD705
Compiling module xil_defaultlib.RAM64M_HD706
Compiling module xil_defaultlib.RAM64M_HD707
Compiling module xil_defaultlib.RAM64M_HD708
Compiling module xil_defaultlib.RAM64M_HD709
Compiling module xil_defaultlib.RAM64M_HD710
Compiling module xil_defaultlib.RAM64M_HD711
Compiling module xil_defaultlib.RAM64M_HD712
Compiling module xil_defaultlib.RAM64M_HD713
Compiling module xil_defaultlib.RAM64M_HD714
Compiling module xil_defaultlib.RAM64M_HD715
Compiling module xil_defaultlib.RAM64M_HD716
Compiling module xil_defaultlib.RAM64M_HD717
Compiling module xil_defaultlib.RAM64M_HD718
Compiling module xil_defaultlib.RAM64M_HD719
Compiling module xil_defaultlib.RAM64M_HD720
Compiling module xil_defaultlib.RAM64M_HD721
Compiling module xil_defaultlib.RAM64M_HD722
Compiling module xil_defaultlib.RAM64M_HD723
Compiling module xil_defaultlib.RAM64M_HD724
Compiling module xil_defaultlib.RAM64M_HD725
Compiling module xil_defaultlib.RAM64M_HD726
Compiling module xil_defaultlib.RAM64M_HD727
Compiling module xil_defaultlib.RAM64M_HD728
Compiling module xil_defaultlib.RAM64M_HD729
Compiling module xil_defaultlib.RAM64M_HD730
Compiling module xil_defaultlib.RAM64M_HD731
Compiling module xil_defaultlib.RAM64M_HD732
Compiling module xil_defaultlib.RAM64M_HD733
Compiling module xil_defaultlib.RAM64M_HD734
Compiling module xil_defaultlib.RAM64M_HD735
Compiling module xil_defaultlib.RAM64M_HD736
Compiling module xil_defaultlib.RAM64M_HD737
Compiling module xil_defaultlib.RAM64M_HD738
Compiling module xil_defaultlib.RAM64M_HD739
Compiling module xil_defaultlib.RAM64M_HD740
Compiling module xil_defaultlib.RAM64M_HD741
Compiling module xil_defaultlib.RAM64M_HD742
Compiling module xil_defaultlib.RAM64M_HD743
Compiling module xil_defaultlib.RAM64M_HD744
Compiling module xil_defaultlib.RAM64M_HD745
Compiling module xil_defaultlib.RAM64M_HD746
Compiling module xil_defaultlib.RAM64M_HD747
Compiling module xil_defaultlib.RAM64M_HD748
Compiling module xil_defaultlib.RAM64M_HD749
Compiling module xil_defaultlib.RAM64M_HD750
Compiling module xil_defaultlib.RAM64M_HD751
Compiling module xil_defaultlib.RAM64M_HD752
Compiling module xil_defaultlib.RAM64M_HD753
Compiling module xil_defaultlib.RAM64M_HD754
Compiling module xil_defaultlib.RAM64M_HD755
Compiling module xil_defaultlib.RAM64M_HD756
Compiling module xil_defaultlib.RAM64M_HD757
Compiling module xil_defaultlib.RAM64M_HD758
Compiling module xil_defaultlib.RAM64M_HD759
Compiling module xil_defaultlib.RAM64M_HD760
Compiling module xil_defaultlib.RAM64M_HD761
Compiling module xil_defaultlib.RAM64M_HD762
Compiling module xil_defaultlib.RAM64M_HD763
Compiling module xil_defaultlib.RAM64M_HD764
Compiling module xil_defaultlib.RAM64M_HD765
Compiling module xil_defaultlib.RAM64M_HD766
Compiling module xil_defaultlib.RAM64M_HD767
Compiling module xil_defaultlib.RAM64M_HD768
Compiling module xil_defaultlib.RAM64M_HD769
Compiling module xil_defaultlib.RAM64M_HD770
Compiling module xil_defaultlib.RAM64M_HD771
Compiling module xil_defaultlib.RAM64M_HD772
Compiling module xil_defaultlib.RAM64M_HD773
Compiling module xil_defaultlib.RAM64M_HD774
Compiling module xil_defaultlib.RAM64M_HD775
Compiling module xil_defaultlib.RAM64M_HD776
Compiling module xil_defaultlib.RAM64M_HD777
Compiling module xil_defaultlib.RAM64M_HD778
Compiling module xil_defaultlib.RAM64M_HD779
Compiling module xil_defaultlib.RAM64M_HD780
Compiling module xil_defaultlib.RAM64M_HD781
Compiling module xil_defaultlib.RAM64M_HD782
Compiling module xil_defaultlib.RAM64M_HD783
Compiling module xil_defaultlib.RAM64M_HD784
Compiling module xil_defaultlib.RAM64M_HD785
Compiling module xil_defaultlib.RAM64M_HD786
Compiling module xil_defaultlib.RAM64M_HD787
Compiling module xil_defaultlib.RAM64M_HD788
Compiling module xil_defaultlib.RAM64M_HD789
Compiling module xil_defaultlib.RAM64M_HD790
Compiling module xil_defaultlib.RAM64M_HD791
Compiling module xil_defaultlib.RAM64M_HD792
Compiling module xil_defaultlib.RAM64M_HD793
Compiling module xil_defaultlib.RAM64M_HD794
Compiling module xil_defaultlib.RAM64M_HD795
Compiling module xil_defaultlib.RAM64M_HD796
Compiling module xil_defaultlib.RAM64M_HD797
Compiling module xil_defaultlib.RAM64M_HD798
Compiling module xil_defaultlib.RAM64M_HD799
Compiling module xil_defaultlib.RAM64M_HD800
Compiling module xil_defaultlib.RAM64M_HD801
Compiling module xil_defaultlib.RAM64M_HD802
Compiling module xil_defaultlib.RAM64M_HD803
Compiling module xil_defaultlib.RAM64M_HD804
Compiling module xil_defaultlib.RAM64M_HD805
Compiling module xil_defaultlib.RAM64M_HD806
Compiling module xil_defaultlib.RAM64M_HD807
Compiling module xil_defaultlib.RAM64M_HD808
Compiling module xil_defaultlib.RAM64M_HD809
Compiling module xil_defaultlib.RAM64M_HD810
Compiling module xil_defaultlib.RAM64M_HD811
Compiling module xil_defaultlib.RAM64M_HD812
Compiling module xil_defaultlib.RAM64M_HD813
Compiling module xil_defaultlib.RAM64M_HD814
Compiling module xil_defaultlib.RAM64M_HD815
Compiling module xil_defaultlib.RAM64M_HD816
Compiling module xil_defaultlib.RAM64M_HD817
Compiling module xil_defaultlib.RAM64M_HD818
Compiling module xil_defaultlib.RAM64M_HD819
Compiling module xil_defaultlib.RAM64M_HD820
Compiling module xil_defaultlib.RAM64M_HD821
Compiling module xil_defaultlib.RAM64M_HD822
Compiling module xil_defaultlib.RAM64M_HD823
Compiling module xil_defaultlib.RAM64M_HD824
Compiling module xil_defaultlib.RAM64M_HD825
Compiling module xil_defaultlib.RAM64M_HD826
Compiling module xil_defaultlib.RAM64M_HD827
Compiling module xil_defaultlib.RAM64M_HD828
Compiling module xil_defaultlib.RAM64M_HD829
Compiling module xil_defaultlib.RAM64M_HD830
Compiling module xil_defaultlib.RAM64M_HD831
Compiling module xil_defaultlib.RAM64M_HD832
Compiling module xil_defaultlib.RAM64M_HD833
Compiling module xil_defaultlib.RAM64M_HD834
Compiling module xil_defaultlib.RAM64M_HD835
Compiling module xil_defaultlib.RAM64M_HD836
Compiling module xil_defaultlib.RAM64M_HD837
Compiling module xil_defaultlib.RAM64M_HD838
Compiling module xil_defaultlib.RAM64M_HD839
Compiling module xil_defaultlib.RAM64M_HD840
Compiling module xil_defaultlib.RAM64M_HD841
Compiling module xil_defaultlib.RAM64M_HD842
Compiling module xil_defaultlib.RAM64M_HD843
Compiling module xil_defaultlib.RAM64M_HD844
Compiling module xil_defaultlib.RAM64M_HD845
Compiling module xil_defaultlib.RAM64M_HD846
Compiling module xil_defaultlib.RAM64M_HD847
Compiling module xil_defaultlib.RAM64M_HD848
Compiling module xil_defaultlib.RAM64M_HD849
Compiling module xil_defaultlib.RAM64M_HD850
Compiling module xil_defaultlib.RAM64M_HD851
Compiling module xil_defaultlib.RAM64M_HD852
Compiling module xil_defaultlib.RAM64M_HD853
Compiling module xil_defaultlib.RAM64M_HD854
Compiling module xil_defaultlib.RAM64M_HD855
Compiling module xil_defaultlib.RAM64M_HD856
Compiling module xil_defaultlib.RAM64M_HD857
Compiling module xil_defaultlib.RAM64M_HD858
Compiling module xil_defaultlib.RAM64M_HD859
Compiling module xil_defaultlib.RAM64M_HD860
Compiling module xil_defaultlib.RAM64M_HD861
Compiling module xil_defaultlib.RAM64M_HD862
Compiling module xil_defaultlib.RAM64M_HD863
Compiling module xil_defaultlib.RAM64M_HD864
Compiling module xil_defaultlib.RAM64M_HD865
Compiling module xil_defaultlib.RAM64M_HD866
Compiling module xil_defaultlib.RAM64M_HD867
Compiling module xil_defaultlib.RAM64M_HD868
Compiling module xil_defaultlib.RAM64M_HD869
Compiling module xil_defaultlib.RAM64M_HD870
Compiling module xil_defaultlib.RAM64M_HD871
Compiling module xil_defaultlib.RAM64M_HD872
Compiling module xil_defaultlib.RAM64M_HD873
Compiling module xil_defaultlib.RAM64M_HD874
Compiling module xil_defaultlib.RAM64M_HD875
Compiling module xil_defaultlib.RAM64M_HD876
Compiling module xil_defaultlib.RAM64M_HD877
Compiling module xil_defaultlib.RAM64M_HD878
Compiling module xil_defaultlib.RAM64M_HD879
Compiling module xil_defaultlib.RAM64M_HD880
Compiling module xil_defaultlib.RAM64M_HD881
Compiling module xil_defaultlib.RAM64M_HD882
Compiling module xil_defaultlib.RAM64M_HD883
Compiling module xil_defaultlib.RAM64M_HD884
Compiling module xil_defaultlib.RAM64M_HD885
Compiling module xil_defaultlib.RAM64M_HD886
Compiling module xil_defaultlib.RAM64M_HD887
Compiling module xil_defaultlib.RAM64M_HD888
Compiling module xil_defaultlib.RAM64M_HD889
Compiling module xil_defaultlib.RAM64M_HD890
Compiling module xil_defaultlib.RAM64M_HD891
Compiling module xil_defaultlib.RAM64M_HD892
Compiling module xil_defaultlib.RAM64M_HD893
Compiling module xil_defaultlib.RAM64M_HD894
Compiling module xil_defaultlib.RAM64M_HD895
Compiling module xil_defaultlib.RAM64M_HD896
Compiling module xil_defaultlib.RAM64M_HD897
Compiling module xil_defaultlib.video_memory
Compiling module xil_defaultlib.vga_core
Compiling module xil_defaultlib.FPGA
Compiling module xil_defaultlib.tb_FPGA
Compiling module xil_defaultlib.glbl
Built simulation snapshot tb_FPGA_time_impl
